[2025-11-02 12:20:48] [1] [WARN] Reporting disabled: using no op test run registrar
[2025-11-02 12:20:48] [1] [INFO] TEST [SeleniumTest - testDownloadsLink] STARTED at [14:20:48 2025-11-02]
[2025-11-02 12:20:57] [1] [ERROR] TEST [SeleniumTest - testDownloadsLink] FAILED at [14:20:57 2025-11-02] - invalid session id: session deleted as the browser has closed the connection
from disconnected: not connected to DevTools
  (Session info: chrome=141.0.7390.125)
Build info: version: '4.11.0', revision: '040bc5406b'
System info: os.name: 'Windows 11', os.arch: 'amd64', os.version: '10.0', java.version: '21'
Driver info: org.openqa.selenium.chrome.ChromeDriver
Command: [560ce158fee19c883e1caafd567f90bb, findElements {using=css selector, value=a[href='/downloads']}]
Capabilities {acceptInsecureCerts: false, browserName: chrome, browserVersion: 141.0.7390.125, chrome: {chromedriverVersion: 141.0.7390.78 (2b53b0e231fc..., userDataDir: C:\Users\Admin\AppData\Loca...}, fedcm:accounts: true, goog:chromeOptions: {debuggerAddress: localhost:64368}, networkConnectionEnabled: false, pageLoadStrategy: normal, platformName: windows, proxy: Proxy(), se:cdp: ws://localhost:64368/devtoo..., se:cdpVersion: 141.0.7390.125, setWindowRect: true, strictFileInteractability: false, timeouts: {implicit: 0, pageLoad: 300000, script: 30000}, unhandledPromptBehavior: dismiss and notify, webauthn:extension:credBlob: true, webauthn:extension:largeBlob: true, webauthn:extension:minPinLength: true, webauthn:extension:prf: true, webauthn:virtualAuthenticators: true}
Session ID: 560ce158fee19c883e1caafd567f90bb

java.base/jdk.internal.reflect.DirectConstructorHandleAccessor.newInstance(DirectConstructorHandleAccessor.java:62)
java.base/java.lang.reflect.Constructor.newInstanceWithCaller(Constructor.java:502)
java.base/java.lang.reflect.Constructor.newInstance(Constructor.java:486)
org.openqa.selenium.remote.codec.w3c.W3CHttpResponseCodec.createException(W3CHttpResponseCodec.java:200)
org.openqa.selenium.remote.codec.w3c.W3CHttpResponseCodec.decode(W3CHttpResponseCodec.java:133)
org.openqa.selenium.remote.codec.w3c.W3CHttpResponseCodec.decode(W3CHttpResponseCodec.java:52)
org.openqa.selenium.remote.HttpCommandExecutor.execute(HttpCommandExecutor.java:191)
org.openqa.selenium.remote.service.DriverCommandExecutor.invokeExecute(DriverCommandExecutor.java:196)
org.openqa.selenium.remote.service.DriverCommandExecutor.execute(DriverCommandExecutor.java:171)
org.openqa.selenium.remote.RemoteWebDriver.execute(RemoteWebDriver.java:518)
org.openqa.selenium.remote.ElementLocation$ElementFinder$2.findElements(ElementLocation.java:182)
org.openqa.selenium.remote.ElementLocation.findElements(ElementLocation.java:103)
org.openqa.selenium.remote.RemoteWebDriver.findElements(RemoteWebDriver.java:368)
org.openqa.selenium.remote.RemoteWebDriver.findElements(RemoteWebDriver.java:362)
com.zebrunner.carina.webdriver.decorator.ExtendedWebElementHandler.invoke(ExtendedWebElementHandler.java:49)
jdk.proxy2/jdk.proxy2.$Proxy68.isDisplayed(Unknown Source)
org.openqa.selenium.support.ui.ExpectedConditions.elementIfVisible(ExpectedConditions.java:304)
org.openqa.selenium.support.ui.ExpectedConditions.access$000(ExpectedConditions.java:37)
org.openqa.selenium.support.ui.ExpectedConditions$10.apply(ExpectedConditions.java:290)
org.openqa.selenium.support.ui.ExpectedConditions$10.apply(ExpectedConditions.java:287)
org.openqa.selenium.support.ui.ExpectedConditions$23.apply(ExpectedConditions.java:656)
org.openqa.selenium.support.ui.ExpectedConditions$23.apply(ExpectedConditions.java:652)
org.openqa.selenium.support.ui.FluentWait.until(FluentWait.java:205)
com.zebrunner.carina.webdriver.helper.IWaitHelper.waitUntil(IWaitHelper.java:71)
com.zebrunner.carina.webdriver.helper.IWaitHelper.waitUntil(IWaitHelper.java:37)
com.zebrunner.carina.webdriver.helper.IWaitHelper.waitUntil(IWaitHelper.java:33)
com.solvd.project.web.HomePage.clickDownloadsLink(HomePage.java:89)
com.solvd.project.TestSelenium.testDownloadsLink(TestSelenium.java:96)
java.base/jdk.internal.reflect.DirectMethodHandleAccessor.invoke(DirectMethodHandleAccessor.java:103)
java.base/java.lang.reflect.Method.invoke(Method.java:580)
org.testng.internal.invokers.MethodInvocationHelper.invokeMethod(MethodInvocationHelper.java:141)
org.testng.internal.invokers.TestInvoker.invokeMethod(TestInvoker.java:687)
org.testng.internal.invokers.TestInvoker.invokeTestMethod(TestInvoker.java:230)
org.testng.internal.invokers.MethodRunner.runInSequence(MethodRunner.java:63)
org.testng.internal.invokers.TestInvoker$MethodInvocationAgent.invoke(TestInvoker.java:995)
org.testng.internal.invokers.TestInvoker.invokeTestMethods(TestInvoker.java:203)
org.testng.internal.invokers.TestMethodWorker.invokeTestMethods(TestMethodWorker.java:154)
org.testng.internal.invokers.TestMethodWorker.run(TestMethodWorker.java:134)
java.base/java.util.ArrayList.forEach(ArrayList.java:1596)
org.testng.TestRunner.privateRun(TestRunner.java:741)
org.testng.TestRunner.run(TestRunner.java:616)
org.testng.SuiteRunner.runTest(SuiteRunner.java:421)
org.testng.SuiteRunner.runSequentially(SuiteRunner.java:413)
org.testng.SuiteRunner.privateRun(SuiteRunner.java:373)
org.testng.SuiteRunner.run(SuiteRunner.java:312)
org.testng.SuiteRunnerWorker.runSuite(SuiteRunnerWorker.java:52)
org.testng.SuiteRunnerWorker.run(SuiteRunnerWorker.java:95)
org.testng.TestNG.runSuitesSequentially(TestNG.java:1274)
org.testng.TestNG.runSuitesLocally(TestNG.java:1208)
org.testng.TestNG.runSuites(TestNG.java:1112)
org.testng.TestNG.run(TestNG.java:1079)
org.apache.maven.surefire.testng.TestNGExecutor.run(TestNGExecutor.java:308)
org.apache.maven.surefire.testng.TestNGXmlTestSuite.execute(TestNGXmlTestSuite.java:71)
org.apache.maven.surefire.testng.TestNGProvider.invoke(TestNGProvider.java:113)
org.apache.maven.surefire.booter.ForkedBooter.runSuitesInProcess(ForkedBooter.java:385)
org.apache.maven.surefire.booter.ForkedBooter.execute(ForkedBooter.java:162)
org.apache.maven.surefire.booter.ForkedBooter.run(ForkedBooter.java:507)
org.apache.maven.surefire.booter.ForkedBooter.main(ForkedBooter.java:495)
