<div id='container' style='width: 98%; padding: 10px; margin: 0; background: #EBEBE0; color: #717171; font-family: Calibri;'><div id='summary'><h2 align='center' style='background-color: gray; color: white; padding: 10px; margin: 0;'>FAILED: WebTestsSuite (testng.xml) -  ( chrome)</h2><br><h2 style='clear: both; margin: 0;'>Summary:</h2><hr/><table style='width: 1000px;'><tr><td style='width: 100px;'>Environment:</td><td></td></tr><tr><td>Version:</td><td></td></tr><tr><td>Browser:</td><td>chrome</td></tr><tr><td>Finished:</td><td>09:10:44 2025-10-23</td></tr><tr class='pass' style='color: #66C266;'><td>Passed: </td><td>0</td></tr><tr class='fail' style='color: #FF5C33;'><td>Failed:</td><td>2</td></tr><tr class='skip' style='color: #FFD700;'><td>Skipped:</td><td>0</td></tr><tr><td>Success rate:</td><td>0%</td></tr></table></div><br><br><div id='results'><h2 style='margin: 0;'>Test results:</h2><hr/><table cellspacing='0' cellpadding='0' style='width: 100%;'><tr><th width='10%' align='center'>Result</th><th width='75%'>Test name</th><th width='10%'>Test files</th></tr><tr><td colspan='4' class='package' style='background: gray; border-style: solid; border-width: 1px; border-color: white; padding: 5px; color: white;'>com.solvd.project</td></tr>
<tr class='fail' style='background: #FF5C33;'><td align='center' style='border-style: solid; border-width: 1px; border-color: white; padding: 5px; color: white;'>FAILED</td><td style='border-style: solid; border-width: 1px; border-color: white; padding: 5px; color: white;'><span>SeleniumTest - testHeader</span><div style="background:#ffcccc; color: black; padding: 5px; margin: 2px 0px 2px 0px;">Getting the value of parameter 'url' as required failed: the value is missing.<br/><br/>com.zebrunner.carina.utils.config.Configuration.lambda$getRequired$0(Configuration.java:163)<br/>java.base/java.util.Optional.orElseThrow(Optional.java:403)<br/>com.zebrunner.carina.utils.config.Configuration.getRequired(Configuration.java:162)<br/>com.zebrunner.carina.utils.config.Configuration.getRequired(Configuration.java:157)<br/>com.zebrunner.carina.webdriver.gui.AbstractPage.setPageURL(AbstractPage.java:318)<br/>com.solvd.project.HomePage.&lt;init&gt;(HomePage.java:27)<br/>com.solvd.project.TestSelenium.testHeader(TestSelenium.java:31)<br/>java.base/jdk.internal.reflect.DirectMethodHandleAccessor.invoke(DirectMethodHandleAccessor.java:103)<br/>java.base/java.lang.reflect.Method.invoke(Method.java:580)<br/>org.testng.internal.invokers.MethodInvocationHelper.invokeMethod(MethodInvocationHelper.java:141)<br/>org.testng.internal.invokers.TestInvoker.invokeMethod(TestInvoker.java:687)<br/>org.testng.internal.invokers.TestInvoker.invokeTestMethod(TestInvoker.java:230)<br/>org.testng.internal.invokers.MethodRunner.runInSequence(MethodRunner.java:63)<br/>org.testng.internal.invokers.TestInvoker$MethodInvocationAgent.invoke(TestInvoker.java:995)<br/>org.testng.internal.invokers.TestInvoker.invokeTestMethods(TestInvoker.java:203)<br/>org.testng.internal.invokers.TestMethodWorker.invokeTestMethods(TestMethodWorker.java:154)<br/>org.testng.internal.invokers.TestMethodWorker.run(TestMethodWorker.java:134)<br/>java.base/java.util.ArrayList.forEach(ArrayList.java:1596)<br/>org.testng.TestRunner.privateRun(TestRunner.java:741)<br/>org.testng.TestRunner.run(TestRunner.java:616)<br/>org.testng.SuiteRunner.runTest(SuiteRunner.java:421)<br/>org.testng.SuiteRunner.runSequentially(SuiteRunner.java:413)<br/>org.testng.SuiteRunner.privateRun(SuiteRunner.java:373)<br/>org.testng.SuiteRunner.run(SuiteRunner.java:312)<br/>org.testng.SuiteRunnerWorker.runSuite(SuiteRunnerWorker.java:52)<br/>org.testng.SuiteRunnerWorker.run(SuiteRunnerWorker.java:95)<br/>org.testng.TestNG.runSuitesSequentially(TestNG.java:1274)<br/>org.testng.TestNG.runSuitesLocally(TestNG.java:1208)<br/>...</div></td><td align='center' style='border-style: solid; border-width: 1px; border-color: white; padding: 5px; color: white;'><a target='_blank' href='file://C:\TestProjects\HomeworksJava\WebTests\reports\1761199839601/abcd46fd-4c10-4e58-9a22-89d8eda5448b/test.log' style='color: white;'>Logs</a></td></tr>
<tr class='fail' style='background: #FF5C33;'><td align='center' style='border-style: solid; border-width: 1px; border-color: white; padding: 5px; color: white;'>FAILED</td><td style='border-style: solid; border-width: 1px; border-color: white; padding: 5px; color: white;'><span>SeleniumTest - testReadMoreBtn</span><div style="background:#ffcccc; color: black; padding: 5px; margin: 2px 0px 2px 0px;">Getting the value of parameter 'url' as required failed: the value is missing.<br/><br/>com.zebrunner.carina.utils.config.Configuration.lambda$getRequired$0(Configuration.java:163)<br/>java.base/java.util.Optional.orElseThrow(Optional.java:403)<br/>com.zebrunner.carina.utils.config.Configuration.getRequired(Configuration.java:162)<br/>com.zebrunner.carina.utils.config.Configuration.getRequired(Configuration.java:157)<br/>com.zebrunner.carina.webdriver.gui.AbstractPage.setPageURL(AbstractPage.java:318)<br/>com.solvd.project.HomePage.&lt;init&gt;(HomePage.java:27)<br/>com.solvd.project.TestSelenium.testReadMoreBtn(TestSelenium.java:51)<br/>java.base/jdk.internal.reflect.DirectMethodHandleAccessor.invoke(DirectMethodHandleAccessor.java:103)<br/>java.base/java.lang.reflect.Method.invoke(Method.java:580)<br/>org.testng.internal.invokers.MethodInvocationHelper.invokeMethod(MethodInvocationHelper.java:141)<br/>org.testng.internal.invokers.TestInvoker.invokeMethod(TestInvoker.java:687)<br/>org.testng.internal.invokers.TestInvoker.invokeTestMethod(TestInvoker.java:230)<br/>org.testng.internal.invokers.MethodRunner.runInSequence(MethodRunner.java:63)<br/>org.testng.internal.invokers.TestInvoker$MethodInvocationAgent.invoke(TestInvoker.java:995)<br/>org.testng.internal.invokers.TestInvoker.invokeTestMethods(TestInvoker.java:203)<br/>org.testng.internal.invokers.TestMethodWorker.invokeTestMethods(TestMethodWorker.java:154)<br/>org.testng.internal.invokers.TestMethodWorker.run(TestMethodWorker.java:134)<br/>java.base/java.util.ArrayList.forEach(ArrayList.java:1596)<br/>org.testng.TestRunner.privateRun(TestRunner.java:741)<br/>org.testng.TestRunner.run(TestRunner.java:616)<br/>org.testng.SuiteRunner.runTest(SuiteRunner.java:421)<br/>org.testng.SuiteRunner.runSequentially(SuiteRunner.java:413)<br/>org.testng.SuiteRunner.privateRun(SuiteRunner.java:373)<br/>org.testng.SuiteRunner.run(SuiteRunner.java:312)<br/>org.testng.SuiteRunnerWorker.runSuite(SuiteRunnerWorker.java:52)<br/>org.testng.SuiteRunnerWorker.run(SuiteRunnerWorker.java:95)<br/>org.testng.TestNG.runSuitesSequentially(TestNG.java:1274)<br/>org.testng.TestNG.runSuitesLocally(TestNG.java:1...</div></td><td align='center' style='border-style: solid; border-width: 1px; border-color: white; padding: 5px; color: white;'><a target='_blank' href='file://C:\TestProjects\HomeworksJava\WebTests\reports\1761199839601/f79bbf9c-6f07-4853-b1ad-06e24d350409/test.log' style='color: white;'>Logs</a></td></tr>
</table></div></div>
