[2025-11-02 12:03:35] [1] [WARN] Reporting disabled: using no op test run registrar
[2025-11-02 12:03:35] [1] [INFO] TEST [SeleniumTest - testSearchInput] STARTED at [14:03:35 2025-11-02]
[2025-11-02 12:03:49] [1] [ERROR] TEST [SeleniumTest - testSearchInput] FAILED at [14:03:49 2025-11-02] - invalid session id
Build info: version: '4.11.0', revision: '040bc5406b'
System info: os.name: 'Windows 11', os.arch: 'amd64', os.version: '10.0', java.version: '21'
Driver info: org.openqa.selenium.chrome.ChromeDriver
Command: [a8e557eff5f46b9bfc26a8c354617bd0, findElement {using=css selector, value=#docsearch-input}]
Capabilities {acceptInsecureCerts: false, browserName: chrome, browserVersion: 141.0.7390.125, chrome: {chromedriverVersion: 141.0.7390.78 (2b53b0e231fc..., userDataDir: C:\Users\Admin\AppData\Loca...}, fedcm:accounts: true, goog:chromeOptions: {debuggerAddress: localhost:49221}, networkConnectionEnabled: false, pageLoadStrategy: normal, platformName: windows, proxy: Proxy(), se:cdp: ws://localhost:49221/devtoo..., se:cdpVersion: 141.0.7390.125, setWindowRect: true, strictFileInteractability: false, timeouts: {implicit: 0, pageLoad: 300000, script: 30000}, unhandledPromptBehavior: dismiss and notify, webauthn:extension:credBlob: true, webauthn:extension:largeBlob: true, webauthn:extension:minPinLength: true, webauthn:extension:prf: true, webauthn:virtualAuthenticators: true}
Session ID: a8e557eff5f46b9bfc26a8c354617bd0

java.base/jdk.internal.reflect.DirectConstructorHandleAccessor.newInstance(DirectConstructorHandleAccessor.java:62)
java.base/java.lang.reflect.Constructor.newInstanceWithCaller(Constructor.java:502)
java.base/java.lang.reflect.Constructor.newInstance(Constructor.java:486)
org.openqa.selenium.remote.codec.w3c.W3CHttpResponseCodec.createException(W3CHttpResponseCodec.java:200)
org.openqa.selenium.remote.codec.w3c.W3CHttpResponseCodec.decode(W3CHttpResponseCodec.java:133)
org.openqa.selenium.remote.codec.w3c.W3CHttpResponseCodec.decode(W3CHttpResponseCodec.java:52)
org.openqa.selenium.remote.HttpCommandExecutor.execute(HttpCommandExecutor.java:191)
org.openqa.selenium.remote.service.DriverCommandExecutor.invokeExecute(DriverCommandExecutor.java:196)
org.openqa.selenium.remote.service.DriverCommandExecutor.execute(DriverCommandExecutor.java:171)
org.openqa.selenium.remote.RemoteWebDriver.execute(RemoteWebDriver.java:518)
org.openqa.selenium.remote.ElementLocation$ElementFinder$2.findElement(ElementLocation.java:165)
org.openqa.selenium.remote.ElementLocation.findElement(ElementLocation.java:59)
org.openqa.selenium.remote.RemoteWebDriver.findElement(RemoteWebDriver.java:355)
org.openqa.selenium.remote.RemoteWebDriver.findElement(RemoteWebDriver.java:349)
org.openqa.selenium.support.ui.ExpectedConditions$7.apply(ExpectedConditions.java:194)
org.openqa.selenium.support.ui.ExpectedConditions$7.apply(ExpectedConditions.java:190)
org.openqa.selenium.support.ui.ExpectedConditions$49.apply(ExpectedConditions.java:1396)
org.openqa.selenium.support.ui.ExpectedConditions$49.apply(ExpectedConditions.java:1390)
org.openqa.selenium.support.ui.FluentWait.until(FluentWait.java:205)
com.zebrunner.carina.webdriver.helper.IWaitHelper.waitUntil(IWaitHelper.java:71)
com.zebrunner.carina.webdriver.helper.IWaitHelper.waitUntil(IWaitHelper.java:37)
com.zebrunner.carina.webdriver.decorator.ExtendedWebElement.doAction(ExtendedWebElement.java:1416)
com.zebrunner.carina.webdriver.decorator.ExtendedWebElement.type(ExtendedWebElement.java:987)
com.zebrunner.carina.webdriver.decorator.ExtendedWebElement.type(ExtendedWebElement.java:972)
com.zebrunner.carina.webdriver.decorator.ExtendedWebElement.type(ExtendedWebElement.java:958)
com.solvd.project.web.HomePage.searchAndSelectSeleniumIDE(HomePage.java:76)
com.solvd.project.TestSelenium.testSearchInput(TestSelenium.java:81)
java.base/jdk.internal.reflect.DirectMethodHandleAccessor.invoke(DirectMethodHandleAccessor.java:103)
java.base/java.lang.reflect.Method.invoke(Method.java:580)
org.testng.internal.invokers.MethodInvocationHelper.invokeMethod(MethodInvocationHelper.java:141)
org.testng.internal.invokers.TestInvoker.invokeMethod(TestInvoker.java:687)
org.testng.internal.invokers.TestInvoker.invokeTestMethod(TestInvoker.java:230)
org.testng.internal.invokers.MethodRunner.runInSequence(MethodRunner.java:63)
org.testng.internal.invokers.TestInvoker$MethodInvocationAgent.invoke(TestInvoker.java:995)
org.testng.internal.invokers.TestInvoker.invokeTestMethods(TestInvoker.java:203)
org.testng.internal.invokers.TestMethodWorker.invokeTestMethods(TestMethodWorker.java:154)
org.testng.internal.invokers.TestMethodWorker.run(TestMethodWorker.java:134)
java.base/java.util.ArrayList.forEach(ArrayList.java:1596)
org.testng.TestRunner.privateRun(TestRunner.java:741)
org.testng.TestRunner.run(TestRunner.java:616)
org.testng.SuiteRunner.runTest(SuiteRunner.java:421)
org.testng.SuiteRunner.runSequentially(SuiteRunner.java:413)
org.testng.SuiteRunner.privateRun(SuiteRunner.java:373)
org.testng.SuiteRunner.run(SuiteRunner.java:312)
org.testng.SuiteRunnerWorker.runSuite(SuiteRunnerWorker.java:52)
org.testng.SuiteRunnerWorker.run(SuiteRunnerWorker.java:95)
org.testng.TestNG.runSuitesSequentially(TestNG.java:1274)
org.testng.TestNG.runSuitesLocally(TestNG.java:1208)
org.testng.TestNG.runSuites(TestNG.java:1112)
org.testng.TestNG.run(TestNG.java:1079)
org.apache.maven.surefire.testng.TestNGExecutor.run(TestNGExecutor.java:308)
org.apache.maven.surefire.testng.TestNGXmlTestSuite.execute(TestNGXmlTestSuite.java:71)
org.apache.maven.surefire.testng.TestNGProvider.invoke(TestNGProvider.java:113)
org.apache.maven.surefire.booter.ForkedBooter.runSuitesInProcess(ForkedBooter.java:385)
org.apache.maven.surefire.booter.ForkedBooter.execute(ForkedBooter.java:162)
org.apache.maven.surefire.booter.ForkedBooter.run(ForkedBooter.java:507)
org.apache.maven.surefire.booter.ForkedBooter.main(ForkedBooter.java:495)
