[2026-01-16 03:56:21] [1] [WARN] Reporting disabled: using no op test run registrar
[2026-01-16 03:56:21] [1] [INFO] TEST [SeleniumTest - testClickSecondItem] STARTED at [17:56:21 2026-01-16]
[2026-01-16 03:56:23] [1] [ERROR] TEST [SeleniumTest - testClickSecondItem] FAILED at [17:56:23 2026-01-16] - Could not start a new session. Response code 500. Message: session not created: This version of ChromeDriver only supports Chrome version 141
Current browser version is 143.0.7499.193 with binary path C:\Program Files\Google\Chrome\Application\chrome.exe 
Host info: host: 'DESKTOP-9ICER92', ip: '192.168.0.102'
Build info: version: '4.15.0', revision: '1d14b5521b'
System info: os.name: 'Windows 11', os.arch: 'amd64', os.version: '10.0', java.version: '21'
Driver info: org.openqa.selenium.chrome.ChromeDriver
Command: [null, newSession {capabilities=[Capabilities {browserName: chrome, goog:chromeOptions: {args: [], binary: C:\Program Files\Google\Chr..., extensions: []}}]}]

org.openqa.selenium.remote.ProtocolHandshake.createSession(ProtocolHandshake.java:140)
org.openqa.selenium.remote.ProtocolHandshake.createSession(ProtocolHandshake.java:96)
org.openqa.selenium.remote.ProtocolHandshake.createSession(ProtocolHandshake.java:68)
org.openqa.selenium.remote.HttpCommandExecutor.execute(HttpCommandExecutor.java:163)
org.openqa.selenium.remote.service.DriverCommandExecutor.invokeExecute(DriverCommandExecutor.java:200)
org.openqa.selenium.remote.service.DriverCommandExecutor.execute(DriverCommandExecutor.java:175)
org.openqa.selenium.remote.RemoteWebDriver.execute(RemoteWebDriver.java:607)
org.openqa.selenium.remote.RemoteWebDriver.startSession(RemoteWebDriver.java:241)
org.openqa.selenium.remote.RemoteWebDriver.<init>(RemoteWebDriver.java:168)
org.openqa.selenium.chromium.ChromiumDriver.<init>(ChromiumDriver.java:108)
org.openqa.selenium.chrome.ChromeDriver.<init>(ChromeDriver.java:89)
org.openqa.selenium.chrome.ChromeDriver.<init>(ChromeDriver.java:84)
org.openqa.selenium.chrome.ChromeDriver.<init>(ChromeDriver.java:52)
com.solvd.project.TestItems.testClickSecondItem(TestItems.java:19)
java.base/jdk.internal.reflect.DirectMethodHandleAccessor.invoke(DirectMethodHandleAccessor.java:103)
java.base/java.lang.reflect.Method.invoke(Method.java:580)
org.testng.internal.invokers.MethodInvocationHelper.invokeMethod(MethodInvocationHelper.java:141)
org.testng.internal.invokers.TestInvoker.invokeMethod(TestInvoker.java:687)
org.testng.internal.invokers.TestInvoker.invokeTestMethod(TestInvoker.java:230)
org.testng.internal.invokers.MethodRunner.runInSequence(MethodRunner.java:63)
org.testng.internal.invokers.TestInvoker$MethodInvocationAgent.invoke(TestInvoker.java:995)
org.testng.internal.invokers.TestInvoker.invokeTestMethods(TestInvoker.java:203)
org.testng.internal.invokers.TestMethodWorker.invokeTestMethods(TestMethodWorker.java:154)
org.testng.internal.invokers.TestMethodWorker.run(TestMethodWorker.java:134)
java.base/java.util.ArrayList.forEach(ArrayList.java:1596)
org.testng.TestRunner.privateRun(TestRunner.java:741)
org.testng.TestRunner.run(TestRunner.java:616)
org.testng.SuiteRunner.runTest(SuiteRunner.java:421)
org.testng.SuiteRunner.runSequentially(SuiteRunner.java:413)
org.testng.SuiteRunner.privateRun(SuiteRunner.java:373)
org.testng.SuiteRunner.run(SuiteRunner.java:312)
org.testng.SuiteRunnerWorker.runSuite(SuiteRunnerWorker.java:52)
org.testng.SuiteRunnerWorker.run(SuiteRunnerWorker.java:95)
org.testng.TestNG.runSuitesSequentially(TestNG.java:1274)
org.testng.TestNG.runSuitesLocally(TestNG.java:1208)
org.testng.TestNG.runSuites(TestNG.java:1112)
org.testng.TestNG.run(TestNG.java:1079)
org.apache.maven.surefire.testng.TestNGExecutor.run(TestNGExecutor.java:308)
org.apache.maven.surefire.testng.TestNGXmlTestSuite.execute(TestNGXmlTestSuite.java:71)
org.apache.maven.surefire.testng.TestNGProvider.invoke(TestNGProvider.java:113)
org.apache.maven.surefire.booter.ForkedBooter.runSuitesInProcess(ForkedBooter.java:385)
org.apache.maven.surefire.booter.ForkedBooter.execute(ForkedBooter.java:162)
org.apache.maven.surefire.booter.ForkedBooter.run(ForkedBooter.java:507)
org.apache.maven.surefire.booter.ForkedBooter.main(ForkedBooter.java:495)
