<div id='container' style='width: 98%; padding: 10px; margin: 0; background: #EBEBE0; color: #717171; font-family: Calibri;'><div id='summary'><h2 align='center' style='background-color: gray; color: white; padding: 10px; margin: 0;'>FAILED: WebTestsSuite (testng.xml) -  ( chrome)</h2><br><h2 style='clear: both; margin: 0;'>Summary:</h2><hr/><table style='width: 1000px;'><tr><td style='width: 100px;'>Environment:</td><td></td></tr><tr><td>Version:</td><td></td></tr><tr><td>Browser:</td><td>chrome</td></tr><tr><td>Finished:</td><td>13:20:37 2025-10-23</td></tr><tr class='pass' style='color: #66C266;'><td>Passed: </td><td>1</td></tr><tr class='fail' style='color: #FF5C33;'><td>Failed:</td><td>2</td></tr><tr class='skip' style='color: #FFD700;'><td>Skipped:</td><td>0</td></tr><tr><td>Success rate:</td><td>33%</td></tr></table></div><br><br><div id='results'><h2 style='margin: 0;'>Test results:</h2><hr/><table cellspacing='0' cellpadding='0' style='width: 100%;'><tr><th width='10%' align='center'>Result</th><th width='75%'>Test name</th><th width='10%'>Test files</th></tr><tr><td colspan='4' class='package' style='background: gray; border-style: solid; border-width: 1px; border-color: white; padding: 5px; color: white;'>com.solvd.project</td></tr>
<tr class='fail' style='background: #FF5C33;'><td align='center' style='border-style: solid; border-width: 1px; border-color: white; padding: 5px; color: white;'>FAILED</td><td style='border-style: solid; border-width: 1px; border-color: white; padding: 5px; color: white;'><span>SeleniumTest - testHeader</span><div style="background:#ffcccc; color: black; padding: 5px; margin: 2px 0px 2px 0px;">Cannot invoke &quot;org.openqa.selenium.WebDriver.getTitle()&quot; because &quot;this.driver&quot; is null<br/><br/>com.solvd.project.HomePage.getTitle(HomePage.java:34)<br/>com.solvd.project.TestSelenium.testHeader(TestSelenium.java:36)<br/>java.base/jdk.internal.reflect.DirectMethodHandleAccessor.invoke(DirectMethodHandleAccessor.java:103)<br/>java.base/java.lang.reflect.Method.invoke(Method.java:580)<br/>org.testng.internal.invokers.MethodInvocationHelper.invokeMethod(MethodInvocationHelper.java:141)<br/>org.testng.internal.invokers.TestInvoker.invokeMethod(TestInvoker.java:687)<br/>org.testng.internal.invokers.TestInvoker.invokeTestMethod(TestInvoker.java:230)<br/>org.testng.internal.invokers.MethodRunner.runInSequence(MethodRunner.java:63)<br/>org.testng.internal.invokers.TestInvoker$MethodInvocationAgent.invoke(TestInvoker.java:995)<br/>org.testng.internal.invokers.TestInvoker.invokeTestMethods(TestInvoker.java:203)<br/>org.testng.internal.invokers.TestMethodWorker.invokeTestMethods(TestMethodWorker.java:154)<br/>org.testng.internal.invokers.TestMethodWorker.run(TestMethodWorker.java:134)<br/>java.base/java.util.ArrayList.forEach(ArrayList.java:1596)<br/>org.testng.TestRunner.privateRun(TestRunner.java:741)<br/>org.testng.TestRunner.run(TestRunner.java:616)<br/>org.testng.SuiteRunner.runTest(SuiteRunner.java:421)<br/>org.testng.SuiteRunner.runSequentially(SuiteRunner.java:413)<br/>org.testng.SuiteRunner.privateRun(SuiteRunner.java:373)<br/>org.testng.SuiteRunner.run(SuiteRunner.java:312)<br/>org.testng.SuiteRunnerWorker.runSuite(SuiteRunnerWorker.java:52)<br/>org.testng.SuiteRunnerWorker.run(SuiteRunnerWorker.java:95)<br/>org.testng.TestNG.runSuitesSequentially(TestNG.java:1274)<br/>org.testng.TestNG.runSuitesLocally(TestNG.java:1208)<br/>org.testng.TestNG.runSuites(TestNG.java:1112)<br/>org.testng.TestNG.run(TestNG.java:1079)<br/>org.apache.maven.surefire.testng.TestNGExecutor.run(TestNGExecutor.java:308)<br/>org.apache.maven.surefire.testng.TestNGXmlTestSuite.execute(TestNGXmlTestSuite.java:71)<br/>org.apache.maven.surefire.testng.TestNGProvider.invoke(TestNGProvider.java:113)<br/>org.apache.maven.surefire.booter.ForkedBooter.runSuitesInProce...</div></td><td align='center' style='border-style: solid; border-width: 1px; border-color: white; padding: 5px; color: white;'><a target='_blank' href='file://C:\TestProjects\HomeworksJava\WebTests\reports\1761214827464/67b9d9c4-5421-4f71-9a1b-3ceea8cab90c/test.log' style='color: white;'>Logs</a></td></tr>
<tr class='fail' style='background: #FF5C33;'><td align='center' style='border-style: solid; border-width: 1px; border-color: white; padding: 5px; color: white;'>FAILED</td><td style='border-style: solid; border-width: 1px; border-color: white; padding: 5px; color: white;'><span>SeleniumTest - testReadMoreBtn</span><div style="background:#ffcccc; color: black; padding: 5px; margin: 2px 0px 2px 0px;">element click intercepted: Element is not clickable at point (456, 897)<br/>  (Session info: chrome=141.0.7390.108)<br/>Build info: version: '4.11.0', revision: '040bc5406b'<br/>System info: os.name: 'Windows 11', os.arch: 'amd64', os.version: '10.0', java.version: '21'<br/>Driver info: org.openqa.selenium.chrome.ChromeDriver<br/>Command: [37685263a94d72b8ab6ff57e040b895d, clickElement {id=f.C8C42CE626170E3673552233D6871939.d.ED1381E91FA4F9C1EE31595E3ED7E1F1.e.16}]<br/>Capabilities {acceptInsecureCerts: false, browserName: chrome, browserVersion: 141.0.7390.108, chrome: {chromedriverVersion: 141.0.7390.78 (2b53b0e231fc..., userDataDir: C:\Users\Admin\AppData\Loca...}, fedcm:accounts: true, goog:chromeOptions: {debuggerAddress: localhost:57855}, networkConnectionEnabled: false, pageLoadStrategy: normal, platformName: windows, proxy: Proxy(), se:cdp: ws://localhost:57855/devtoo..., se:cdpVersion: 141.0.7390.108, setWindowRect: true, strictFileInteractability: false, timeouts: {implicit: 0, pageLoad: 300000, script: 30000}, unhandledPromptBehavior: dismiss and notify, webauthn:extension:credBlob: true, webauthn:extension:largeBlob: true, webauthn:extension:minPinLength: true, webauthn:extension:prf: true, webauthn:virtualAuthenticators: true}<br/>Element: [[ChromeDriver: chrome on windows (37685263a94d72b8ab6ff57e040b895d)] -&gt; css selector: a[href='/documentation/webdriver/']]<br/>Session ID: 37685263a94d72b8ab6ff57e040b895d<br/><br/>java.base/jdk.internal.reflect.DirectConstructorHandleAccessor.newInstance(DirectConstructorHandleAccessor.java:62)<br/>java.base/java.lang.reflect.Constructor.newInstanceWithCaller(Constructor.java:502)<br/>java.base/java.lang.reflect.Constructor.newInstance(Constructor.java:486)<br/>org.openqa.selenium.remote.codec.w3c.W3CHttpResponseCodec.createException(W3CHttpResponseCodec.java:200)<br/>org.openqa.selenium.remote.codec.w3c.W3CHttpResponseCodec.decode(W3CHttpResponseCodec.java:133)<br/>org.openqa.selenium.remote.codec.w3c.W3CHttpResponseCodec.decode(W3CHttpResponseCodec.java:52)<br/>org.openqa.selenium.remote.HttpCommandExecutor.execute(HttpComm...</div></td><td align='center' style='border-style: solid; border-width: 1px; border-color: white; padding: 5px; color: white;'><a target='_blank' href='file://C:\TestProjects\HomeworksJava\WebTests\reports\1761214827464/6f92e462-b122-42bf-9c23-a8fa4629225b/test.log' style='color: white;'>Logs</a></td></tr>
<tr class='pass' style='background: #66C266;'><td align='center' style='border-style: solid; border-width: 1px; border-color: white; padding: 5px; color: white;'>PASSED</td><td style='border-style: solid; border-width: 1px; border-color: white; padding: 5px; color: white;'>SeleniumTest - testScrollToFooter</td><td align='center' style='border-style: solid; border-width: 1px; border-color: white; padding: 5px; color: white;'><a target='_blank' href='file://C:\TestProjects\HomeworksJava\WebTests\reports\1761214827464/f759ff84-8e9c-4d06-adc6-03ca1d24d625/test.log' style='color: white;'>Logs</a></td></tr>
</table></div></div>
