<div id='container' style='width: 98%; padding: 10px; margin: 0; background: #EBEBE0; color: #717171; font-family: Calibri;'><div id='summary'><h2 align='center' style='background-color: gray; color: white; padding: 10px; margin: 0;'>FAILED: WebTestsSuite (testng.xml) -  ( chrome)</h2><br><h2 style='clear: both; margin: 0;'>Summary:</h2><hr/><table style='width: 1000px;'><tr><td style='width: 100px;'>Environment:</td><td></td></tr><tr><td>Version:</td><td></td></tr><tr><td>Browser:</td><td>chrome</td></tr><tr><td>Finished:</td><td>17:56:24 2026-01-16</td></tr><tr class='pass' style='color: #66C266;'><td>Passed: </td><td>0</td></tr><tr class='fail' style='color: #FF5C33;'><td>Failed:</td><td>2</td></tr><tr class='skip' style='color: #FFD700;'><td>Skipped:</td><td>0</td></tr><tr><td>Success rate:</td><td>0%</td></tr></table></div><br><br><div id='results'><h2 style='margin: 0;'>Test results:</h2><hr/><table cellspacing='0' cellpadding='0' style='width: 100%;'><tr><th width='10%' align='center'>Result</th><th width='75%'>Test name</th><th width='10%'>Test files</th></tr><tr><td colspan='4' class='package' style='background: gray; border-style: solid; border-width: 1px; border-color: white; padding: 5px; color: white;'>com.solvd.project</td></tr>
<tr class='fail' style='background: #FF5C33;'><td align='center' style='border-style: solid; border-width: 1px; border-color: white; padding: 5px; color: white;'>FAILED</td><td style='border-style: solid; border-width: 1px; border-color: white; padding: 5px; color: white;'><span>SeleniumTest - testClickSecondItem</span><div style="background:#ffcccc; color: black; padding: 5px; margin: 2px 0px 2px 0px;">Could not start a new session. Response code 500. Message: session not created: This version of ChromeDriver only supports Chrome version 141<br/>Current browser version is 143.0.7499.193 with binary path C:\Program Files\Google\Chrome\Application\chrome.exe <br/>Host info: host: 'DESKTOP-9ICER92', ip: '192.168.0.102'<br/>Build info: version: '4.15.0', revision: '1d14b5521b'<br/>System info: os.name: 'Windows 11', os.arch: 'amd64', os.version: '10.0', java.version: '21'<br/>Driver info: org.openqa.selenium.chrome.ChromeDriver<br/>Command: [null, newSession {capabilities=[Capabilities {browserName: chrome, goog:chromeOptions: {args: [], binary: C:\Program Files\Google\Chr..., extensions: []}}]}]<br/><br/>org.openqa.selenium.remote.ProtocolHandshake.createSession(ProtocolHandshake.java:140)<br/>org.openqa.selenium.remote.ProtocolHandshake.createSession(ProtocolHandshake.java:96)<br/>org.openqa.selenium.remote.ProtocolHandshake.createSession(ProtocolHandshake.java:68)<br/>org.openqa.selenium.remote.HttpCommandExecutor.execute(HttpCommandExecutor.java:163)<br/>org.openqa.selenium.remote.service.DriverCommandExecutor.invokeExecute(DriverCommandExecutor.java:200)<br/>org.openqa.selenium.remote.service.DriverCommandExecutor.execute(DriverCommandExecutor.java:175)<br/>org.openqa.selenium.remote.RemoteWebDriver.execute(RemoteWebDriver.java:607)<br/>org.openqa.selenium.remote.RemoteWebDriver.startSession(RemoteWebDriver.java:241)<br/>org.openqa.selenium.remote.RemoteWebDriver.&lt;init&gt;(RemoteWebDriver.java:168)<br/>org.openqa.selenium.chromium.ChromiumDriver.&lt;init&gt;(ChromiumDriver.java:108)<br/>org.openqa.selenium.chrome.ChromeDriver.&lt;init&gt;(ChromeDriver.java:89)<br/>org.openqa.selenium.chrome.ChromeDriver.&lt;init&gt;(ChromeDriver.java:84)<br/>org.openqa.selenium.chrome.ChromeDriver.&lt;init&gt;(ChromeDriver.java:52)<br/>com.solvd.project.TestItems.testClickSecondItem(TestItems.java:19)<br/>java.base/jdk.internal.reflect.DirectMethodHandleAccessor.invoke(DirectMethodHandleAccessor.java:103)<br/>java.base/java.lang.reflect.Method.invoke(Method.java:580)<br/>org.testng.internal.invokers.MethodInvocationHelper.invokeMethod(MethodInvoca...</div></td><td align='center' style='border-style: solid; border-width: 1px; border-color: white; padding: 5px; color: white;'><a target='_blank' href='file://C:\TestProjects\HomeworksJava\WebTests\reports\1768578979350/f936ddc7-af5b-49ec-af82-e52f86b84d87/test.log' style='color: white;'>Logs</a></td></tr>
<tr class='fail' style='background: #FF5C33;'><td align='center' style='border-style: solid; border-width: 1px; border-color: white; padding: 5px; color: white;'>FAILED</td><td style='border-style: solid; border-width: 1px; border-color: white; padding: 5px; color: white;'><span>SeleniumTest - testFindAndClickByText</span><div style="background:#ffcccc; color: black; padding: 5px; margin: 2px 0px 2px 0px;">Could not start a new session. Response code 500. Message: session not created: This version of ChromeDriver only supports Chrome version 141<br/>Current browser version is 143.0.7499.193 with binary path C:\Program Files\Google\Chrome\Application\chrome.exe <br/>Host info: host: 'DESKTOP-9ICER92', ip: '192.168.0.102'<br/>Build info: version: '4.15.0', revision: '1d14b5521b'<br/>System info: os.name: 'Windows 11', os.arch: 'amd64', os.version: '10.0', java.version: '21'<br/>Driver info: org.openqa.selenium.chrome.ChromeDriver<br/>Command: [null, newSession {capabilities=[Capabilities {browserName: chrome, goog:chromeOptions: {args: [], binary: C:\Program Files\Google\Chr..., extensions: []}}]}]<br/><br/>org.openqa.selenium.remote.ProtocolHandshake.createSession(ProtocolHandshake.java:140)<br/>org.openqa.selenium.remote.ProtocolHandshake.createSession(ProtocolHandshake.java:96)<br/>org.openqa.selenium.remote.ProtocolHandshake.createSession(ProtocolHandshake.java:68)<br/>org.openqa.selenium.remote.HttpCommandExecutor.execute(HttpCommandExecutor.java:163)<br/>org.openqa.selenium.remote.service.DriverCommandExecutor.invokeExecute(DriverCommandExecutor.java:200)<br/>org.openqa.selenium.remote.service.DriverCommandExecutor.execute(DriverCommandExecutor.java:175)<br/>org.openqa.selenium.remote.RemoteWebDriver.execute(RemoteWebDriver.java:607)<br/>org.openqa.selenium.remote.RemoteWebDriver.startSession(RemoteWebDriver.java:241)<br/>org.openqa.selenium.remote.RemoteWebDriver.&lt;init&gt;(RemoteWebDriver.java:168)<br/>org.openqa.selenium.chromium.ChromiumDriver.&lt;init&gt;(ChromiumDriver.java:108)<br/>org.openqa.selenium.chrome.ChromeDriver.&lt;init&gt;(ChromeDriver.java:89)<br/>org.openqa.selenium.chrome.ChromeDriver.&lt;init&gt;(ChromeDriver.java:84)<br/>org.openqa.selenium.chrome.ChromeDriver.&lt;init&gt;(ChromeDriver.java:52)<br/>com.solvd.project.TestItems.testFindAndClickByText(TestItems.java:37)<br/>java.base/jdk.internal.reflect.DirectMethodHandleAccessor.invoke(DirectMethodHandleAccessor.java:103)<br/>java.base/java.lang.reflect.Method.invoke(Method.java:580)<br/>org.testng.internal.invokers.MethodInvocationHelper.invokeMethod(MethodInv...</div></td><td align='center' style='border-style: solid; border-width: 1px; border-color: white; padding: 5px; color: white;'><a target='_blank' href='file://C:\TestProjects\HomeworksJava\WebTests\reports\1768578979350/545743b0-bed8-4092-b59d-a9ad6e3080bb/test.log' style='color: white;'>Logs</a></td></tr>
</table></div></div>
